0 info it worked if it ends with ok
1 verbose cli [ '/usr/local/bin/node', '/usr/local/bin/npm', 'publish' ]
2 info using npm@3.10.3
3 info using node@v6.5.0
4 verbose publish [ '.' ]
5 silly cache add args [ '.', null ]
6 verbose cache add spec .
7 silly cache add parsed spec Result {
7 silly cache add   raw: '.',
7 silly cache add   scope: null,
7 silly cache add   escapedName: null,
7 silly cache add   name: null,
7 silly cache add   rawSpec: '.',
7 silly cache add   spec: '/Volumes/HD710M/development/www/mean.expert/@mean-expert/fireloop.io',
7 silly cache add   type: 'directory' }
8 verbose addLocalDirectory /Users/jcasarrubias/.npm/@mean-expert/fireloop/1.0.0-alpha.19/package.tgz not in flight; packing
9 verbose correctMkdir /Users/jcasarrubias/.npm correctMkdir not in flight; initializing
10 info lifecycle @mean-expert/fireloop@1.0.0-alpha.19~prepublish: @mean-expert/fireloop@1.0.0-alpha.19
11 silly lifecycle @mean-expert/fireloop@1.0.0-alpha.19~prepublish: no script for prepublish, continuing
12 verbose tar pack [ '/Users/jcasarrubias/.npm/@mean-expert/fireloop/1.0.0-alpha.19/package.tgz',
12 verbose tar pack   '/Volumes/HD710M/development/www/mean.expert/@mean-expert/fireloop.io' ]
13 verbose tarball /Users/jcasarrubias/.npm/@mean-expert/fireloop/1.0.0-alpha.19/package.tgz
14 verbose folder /Volumes/HD710M/development/www/mean.expert/@mean-expert/fireloop.io
15 verbose addLocalTarball adding from inside cache /Users/jcasarrubias/.npm/@mean-expert/fireloop/1.0.0-alpha.19/package.tgz
16 verbose correctMkdir /Users/jcasarrubias/.npm correctMkdir not in flight; initializing
17 silly cache afterAdd @mean-expert/fireloop@1.0.0-alpha.19
18 verbose afterAdd /Users/jcasarrubias/.npm/@mean-expert/fireloop/1.0.0-alpha.19/package/package.json not in flight; writing
19 verbose correctMkdir /Users/jcasarrubias/.npm correctMkdir not in flight; initializing
20 verbose afterAdd /Users/jcasarrubias/.npm/@mean-expert/fireloop/1.0.0-alpha.19/package/package.json written
21 silly publish { name: '@mean-expert/fireloop',
21 silly publish   version: '1.0.0-alpha.19',
21 silly publish   description: 'This CLI Tool generates FireLoop projects and provides a handful way to work with MEAN Stack based Applications.',
21 silly publish   main: 'index.js',
21 silly publish   bin: { fireloop: 'bin/fireloop.js' },
21 silly publish   scripts: { test: 'echo "Error: no test specified" && exit 1' },
21 silly publish   private: false,
21 silly publish   repository:
21 silly publish    { type: 'git',
21 silly publish      url: 'git+https://github.com/mean-expert-official/fireloop.io.git' },
21 silly publish   keywords: [ 'FireLoop' ],
21 silly publish   author: { name: 'Jonathan Casarrubias' },
21 silly publish   license: 'MIT',
21 silly publish   bugs: { url: 'https://github.com/mean-expert-official/fireloop.io/issues' },
21 silly publish   homepage: 'https://github.com/mean-expert-official/fireloop.io#readme',
21 silly publish   dependencies:
21 silly publish    { chalk: '1.1.3',
21 silly publish      extfs: '0.0.7',
21 silly publish      'generator-fireloop': '1.0.0-alpha.20',
21 silly publish      yargs: '6.3.0',
21 silly publish      'yeoman-environment': '1.6.5' },
21 silly publish   readme: '![FireLoop.io](https://storage.googleapis.com/mean-expert-images/fireloop-logo.png)\n\n##Presenting FireLoop\n\n[FireLoop] is a [NodeJS] Real-Time Platform that allows you to build modern and complex applications by seamlessly integrating the amazing technologies from the MEAN Stack; Like the IBM\'s [LoopBack], Google\'s [Angular 2], Telerik\'s [NativeScript 2] and [Ionic 2] Frameworks.\n\n[FireLoop] also provides you with exclusive modules that will allow you to automatically build your [FireBase] alike Real-Time APIs, Client SDKs, Statistics, **Back and Front Ends development in [TypeScript]!!!**.\n\n*By the way, it\'s cool and open source!!!*\n\n[Public Cheering in the Background]\n\n##FireLoop Features\n\n- Nice and easy setup.\n- 1 command line tool for all (Server, Web Clients, Mobile Clients, SDK Builder).\n- Back and Front Ends in [TypeScript].\n- [LoopBack] 2 and 3 Integration.\n- [Angular 2] Integration.\n- [NativeScript 2] Integration.\n- [Ionic 2] Integration.\n- [SDK Builder] Integration.\n- [Real-Time] Integraiton.\n\n##Installing FireLoop CLI\n\n````sh\n$ npm install -g @mean-expert/fireloop\n````\n\n##Create FireLoop Project, Clients and SDK\n````sh\n$ mkdir myproject && cd myproject\n$ fireloop\n````\n\n##Documentation\n\nYou can read the complete documentation within the following [Documentation Link](https://github.com/mean-expert-official/fireloop.io/wiki)\n\n\n[NodeJS]: http://nodejs.org\n[Horizon]: http://horizon.io/\n[FireLoop]: http://fireloop.io\n[FireLoop.io]: http://fireloop.io\n[FireBase]: https://firebase.google.com/\n[Google\'s FireBase]: https://firebase.google.com/\n[NativeScript 2]: http://nativescript.org\n[Ionic 2]: http://ionic.io\n[Angular 2]: http://angular.io\n[LoopBack]: http://loopback.io\n[IBM\'s LoopBack Framework]: http://loopback.io\n[LoopBack SDK Builder]: http://github.com/mean-expert-official/loopback-sdk-builder\n[loopback-sdk-angular]: http://npmjs.org/package/loopback-sdk-angular\n[loopback-component-pubsub]: http://npmjs.org/package/loopback-component-pubsub\n[LoopBack Component Real-Time]: http://github.com/mean-expert-official/loopback-component-realtime\n[TypeScript]: https://www.typescriptlang.org\n[SDK Builder]: https://github.com/mean-expert-official/loopback-sdk-builder\n[Real-Time]: https://github.com/mean-expert-official/loopback-component-realtime',
21 silly publish   readmeFilename: 'README.md',
21 silly publish   gitHead: 'da66f7dcc4dd08c429166d579e0fddf7cc0d7ea6',
21 silly publish   _id: '@mean-expert/fireloop@1.0.0-alpha.19',
21 silly publish   _shasum: '0e8e91f39935f11c2a1600a51e6d4fea9d90013f',
21 silly publish   _from: '.' }
22 verbose getPublishConfig undefined
23 silly mapToRegistry name @mean-expert/fireloop
24 silly mapToRegistry scope (from package name) @mean-expert
25 verbose mapToRegistry no registry URL found in name for scope @mean-expert
26 silly mapToRegistry scope (from config) @mean-expert
27 verbose mapToRegistry no registry URL found in config for scope @mean-expert
28 silly mapToRegistry using default registry
29 silly mapToRegistry registry https://registry.npmjs.org/
30 silly mapToRegistry data Result {
30 silly mapToRegistry   raw: '@mean-expert/fireloop',
30 silly mapToRegistry   scope: '@mean-expert',
30 silly mapToRegistry   escapedName: '@mean-expert%2ffireloop',
30 silly mapToRegistry   name: '@mean-expert/fireloop',
30 silly mapToRegistry   rawSpec: '',
30 silly mapToRegistry   spec: 'latest',
30 silly mapToRegistry   type: 'tag' }
31 silly mapToRegistry uri https://registry.npmjs.org/@mean-expert%2ffireloop
32 verbose publish registryBase https://registry.npmjs.org/
33 silly publish uploading /Users/jcasarrubias/.npm/@mean-expert/fireloop/1.0.0-alpha.19/package.tgz
34 verbose request uri https://registry.npmjs.org/@mean-expert%2ffireloop
35 verbose request sending authorization for write operation
36 info attempt registry request try #1 at 8:32:40 AM
37 verbose request using bearer token for auth
38 verbose request id 470658bcc89a5296
39 http request PUT https://registry.npmjs.org/@mean-expert%2ffireloop
40 http 403 https://registry.npmjs.org/@mean-expert%2ffireloop
41 verbose headers { 'content-type': 'application/json',
41 verbose headers   'cache-control': 'max-age=0',
41 verbose headers   'content-length': '104',
41 verbose headers   'accept-ranges': 'bytes',
41 verbose headers   date: 'Sat, 29 Oct 2016 13:32:41 GMT',
41 verbose headers   via: '1.1 varnish',
41 verbose headers   connection: 'keep-alive',
41 verbose headers   'x-served-by': 'cache-dfw1846-DFW',
41 verbose headers   'x-cache': 'MISS',
41 verbose headers   'x-cache-hits': '0',
41 verbose headers   'x-timer': 'S1477747960.432087,VS0,VE1341' }
42 verbose request invalidating /Users/jcasarrubias/.npm/registry.npmjs.org/_40mean-expert_252ffireloop on PUT
43 error publish Failed PUT 403
44 verbose stack Error: "You cannot publish over the previously published version 1.0.0-alpha.19." : @mean-expert/fireloop
44 verbose stack     at makeError (/usr/local/lib/node_modules/npm/node_modules/npm-registry-client/lib/request.js:264:12)
44 verbose stack     at CachingRegistryClient.<anonymous> (/usr/local/lib/node_modules/npm/node_modules/npm-registry-client/lib/request.js:252:14)
44 verbose stack     at Request._callback (/usr/local/lib/node_modules/npm/node_modules/npm-registry-client/lib/request.js:172:14)
44 verbose stack     at Request.self.callback (/usr/local/lib/node_modules/npm/node_modules/request/request.js:200:22)
44 verbose stack     at emitTwo (events.js:106:13)
44 verbose stack     at Request.emit (events.js:191:7)
44 verbose stack     at Request.<anonymous> (/usr/local/lib/node_modules/npm/node_modules/request/request.js:1067:10)
44 verbose stack     at emitOne (events.js:101:20)
44 verbose stack     at Request.emit (events.js:188:7)
44 verbose stack     at IncomingMessage.<anonymous> (/usr/local/lib/node_modules/npm/node_modules/request/request.js:988:12)
45 verbose statusCode 403
46 verbose pkgid @mean-expert/fireloop
47 verbose cwd /Volumes/HD710M/development/www/mean.expert/@mean-expert/fireloop.io
48 error Darwin 16.0.0
49 error argv "/usr/local/bin/node" "/usr/local/bin/npm" "publish"
50 error node v6.5.0
51 error npm  v3.10.3
52 error code E403
53 error "You cannot publish over the previously published version 1.0.0-alpha.19." : @mean-expert/fireloop
54 error If you need help, you may report this error at:
54 error     <https://github.com/npm/npm/issues>
55 verbose exit [ 1, true ]
