0 info it worked if it ends with ok
1 verbose cli [ '/usr/local/bin/node',
1 verbose cli   '/usr/local/bin/npm',
1 verbose cli   'install',
1 verbose cli   '-g',
1 verbose cli   'git://github.com/mean-expert-official/fireloop.io.git' ]
2 info using npm@3.10.9
3 info using node@v6.5.0
4 silly loadCurrentTree Starting
5 silly install loadCurrentTree
6 silly install readGlobalPackageData
7 silly fetchPackageMetaData git://github.com/mean-expert-official/fireloop.io.git
8 silly fetchOtherPackageData git://github.com/mean-expert-official/fireloop.io.git
9 silly cache add args [ 'git://github.com/mean-expert-official/fireloop.io.git',
9 silly cache add   null ]
10 verbose cache add spec git://github.com/mean-expert-official/fireloop.io.git
11 silly cache add parsed spec Result {
11 silly cache add   raw: 'git://github.com/mean-expert-official/fireloop.io.git',
11 silly cache add   scope: null,
11 silly cache add   escapedName: null,
11 silly cache add   name: null,
11 silly cache add   rawSpec: 'git://github.com/mean-expert-official/fireloop.io.git',
11 silly cache add   spec: 'git://github.com/mean-expert-official/fireloop.io.git',
11 silly cache add   type: 'hosted',
11 silly cache add   hosted:
11 silly cache add    { type: 'github',
11 silly cache add      ssh: 'git@github.com:mean-expert-official/fireloop.io.git',
11 silly cache add      sshUrl: 'git+ssh://git@github.com/mean-expert-official/fireloop.io.git',
11 silly cache add      httpsUrl: 'git+https://github.com/mean-expert-official/fireloop.io.git',
11 silly cache add      gitUrl: 'git://github.com/mean-expert-official/fireloop.io.git',
11 silly cache add      shortcut: 'github:mean-expert-official/fireloop.io',
11 silly cache add      directUrl: 'https://raw.githubusercontent.com/mean-expert-official/fireloop.io/master/package.json' } }
12 verbose addRemoteGit caching git://github.com/mean-expert-official/fireloop.io.git
13 verbose addRemoteGit git://github.com/mean-expert-official/fireloop.io.git is a repository hosted by github
14 silly tryClone cloning git://github.com/mean-expert-official/fireloop.io.git via git://github.com/mean-expert-official/fireloop.io.git
15 verbose tryClone git-github-com-mean-expert-official-fireloop-io-git-f6add32b not in flight; caching
16 verbose correctMkdir /Users/jcasarrubias/.npm/_git-remotes correctMkdir not in flight; initializing
17 info git [ 'config', '--get', 'remote.origin.url' ]
18 silly validateExistingRemote git://github.com/mean-expert-official/fireloop.io.git remote.origin.url: git://github.com/mean-expert-official/fireloop.io.git
19 verbose validateExistingRemote git://github.com/mean-expert-official/fireloop.io.git is updating existing cached remote /Users/jcasarrubias/.npm/_git-remotes/git-github-com-mean-expert-official-fireloop-io-git-f6add32b
20 info git [ 'fetch', '-a', 'origin' ]
21 verbose updateRemote git fetch -a origin (git://github.com/mean-expert-official/fireloop.io.git)
22 verbose correctMkdir /Users/jcasarrubias/.npm/_git-remotes correctMkdir not in flight; initializing
23 verbose setPermissions git://github.com/mean-expert-official/fireloop.io.git set permissions on /Users/jcasarrubias/.npm/_git-remotes/git-github-com-mean-expert-official-fireloop-io-git-f6add32b
24 verbose resolveHead git://github.com/mean-expert-official/fireloop.io.git original treeish: master
25 info git [ 'rev-list', '-n1', 'master' ]
26 silly resolveHead git://github.com/mean-expert-official/fireloop.io.git resolved treeish: 7c6730da3a1c95172edfefdd59533567a9abdf51
27 verbose resolveHead git://github.com/mean-expert-official/fireloop.io.git resolved Git URL: git://github.com/mean-expert-official/fireloop.io.git#7c6730da3a1c95172edfefdd59533567a9abdf51
28 silly resolveHead Git working directory: /tmp/npm-36446-48cdf3cc/git-cache-7be03704/7c6730da3a1c95172edfefdd59533567a9abdf51
29 info git [ 'clone',
29 info git   '/Users/jcasarrubias/.npm/_git-remotes/git-github-com-mean-expert-official-fireloop-io-git-f6add32b',
29 info git   '/tmp/npm-36446-48cdf3cc/git-cache-7be03704/7c6730da3a1c95172edfefdd59533567a9abdf51' ]
30 verbose cloneResolved git://github.com/mean-expert-official/fireloop.io.git clone Cloning into '/tmp/npm-36446-48cdf3cc/git-cache-7be03704/7c6730da3a1c95172edfefdd59533567a9abdf51'...
30 verbose cloneResolved done.
31 info git [ 'checkout', '7c6730da3a1c95172edfefdd59533567a9abdf51' ]
32 verbose checkoutTreeish git://github.com/mean-expert-official/fireloop.io.git checkout Note: checking out '7c6730da3a1c95172edfefdd59533567a9abdf51'.
32 verbose checkoutTreeish
32 verbose checkoutTreeish You are in 'detached HEAD' state. You can look around, make experimental
32 verbose checkoutTreeish changes and commit them, and you can discard any commits you make in this
32 verbose checkoutTreeish state without impacting any branches by performing another checkout.
32 verbose checkoutTreeish
32 verbose checkoutTreeish If you want to create a new branch to retain commits you create, you may
32 verbose checkoutTreeish do so (now or later) by using -b with the checkout command again. Example:
32 verbose checkoutTreeish
32 verbose checkoutTreeish   git checkout -b <new-branch-name>
32 verbose checkoutTreeish
32 verbose checkoutTreeish HEAD is now at 7c6730d... Add missing generator loopback
33 info git [ 'submodule', '-q', 'update', '--init', '--recursive' ]
34 verbose updateSubmodules git://github.com/mean-expert-official/fireloop.io.git submodule update
35 error addLocal Could not install /tmp/npm-36446-48cdf3cc/git-cache-7be03704/7c6730da3a1c95172edfefdd59533567a9abdf51
36 silly fetchPackageMetaData Error: EISDIR: illegal operation on a directory, read
36 silly fetchPackageMetaData     at Error (native)
36 silly fetchPackageMetaData  error for git://github.com/mean-expert-official/fireloop.io.git { Error: EISDIR: illegal operation on a directory, read
36 silly fetchPackageMetaData     at Error (native) errno: -21, code: 'EISDIR', syscall: 'read' }
37 silly rollbackFailedOptional Starting
38 silly rollbackFailedOptional Finishing
39 silly runTopLevelLifecycles Finishing
40 silly install printInstalled
41 verbose stack Error: EISDIR: illegal operation on a directory, read
41 verbose stack     at Error (native)
42 verbose cwd /Volumes/HD710M/development/www/mean.expert/@mean-expert/fireloop.io/fireloop-cli
43 error Darwin 16.4.0
44 error argv "/usr/local/bin/node" "/usr/local/bin/npm" "install" "-g" "git://github.com/mean-expert-official/fireloop.io.git"
45 error node v6.5.0
46 error npm  v3.10.9
47 error code EISDIR
48 error errno -21
49 error syscall read
50 error eisdir EISDIR: illegal operation on a directory, read
51 error eisdir This is most likely not a problem with npm itself
51 error eisdir and is related to npm not being able to find a package.json in
51 error eisdir a package you are trying to install.
52 verbose exit [ -21, true ]
